<?xml version="1.0" encoding="UTF-8"?>
<testsuite xmlns:xsi="http://www.w3.org/2001/XMLSchema-instance" xsi:noNamespaceSchemaLocation="https://maven.apache.org/surefire/maven-surefire-plugin/xsd/surefire-test-report.xsd" name="com.ua.integrity.nonarquillian.InMemoryH2Test" time="6.504" tests="2" errors="0" skipped="0" failures="0">
  <properties>
    <property name="sun.desktop" value="windows"/>
    <property name="awt.toolkit" value="sun.awt.windows.WToolkit"/>
    <property name="java.specification.version" value="11"/>
    <property name="sun.cpu.isalist" value="amd64"/>
    <property name="sun.jnu.encoding" value="Cp1251"/>
    <property name="java.class.path" value="C:\Users\Votas\IdeaProjects\BonusProject\target\test-classes;C:\Users\Votas\IdeaProjects\BonusProject\target\classes;C:\Users\Votas\.m2\repository\org\camunda\bpm\camunda-engine\7.9.0\camunda-engine-7.9.0.jar;C:\Users\Votas\.m2\repository\org\camunda\bpm\model\camunda-bpmn-model\7.9.0\camunda-bpmn-model-7.9.0.jar;C:\Users\Votas\.m2\repository\org\camunda\bpm\model\camunda-xml-model\7.9.0\camunda-xml-model-7.9.0.jar;C:\Users\Votas\.m2\repository\org\camunda\bpm\model\camunda-cmmn-model\7.9.0\camunda-cmmn-model-7.9.0.jar;C:\Users\Votas\.m2\repository\org\camunda\commons\camunda-commons-logging\1.5.0\camunda-commons-logging-1.5.0.jar;C:\Users\Votas\.m2\repository\org\camunda\commons\camunda-commons-typed-values\1.5.0\camunda-commons-typed-values-1.5.0.jar;C:\Users\Votas\.m2\repository\org\apache\commons\commons-email\1.5\commons-email-1.5.jar;C:\Users\Votas\.m2\repository\org\mybatis\mybatis\3.4.4\mybatis-3.4.4.jar;C:\Users\Votas\.m2\repository\org\springframework\spring-beans\3.1.2.RELEASE\spring-beans-3.1.2.RELEASE.jar;C:\Users\Votas\.m2\repository\org\springframework\spring-core\3.1.2.RELEASE\spring-core-3.1.2.RELEASE.jar;C:\Users\Votas\.m2\repository\org\springframework\spring-asm\3.1.2.RELEASE\spring-asm-3.1.2.RELEASE.jar;C:\Users\Votas\.m2\repository\commons-logging\commons-logging\1.1.1\commons-logging-1.1.1.jar;C:\Users\Votas\.m2\repository\joda-time\joda-time\2.1\joda-time-2.1.jar;C:\Users\Votas\.m2\repository\org\camunda\bpm\dmn\camunda-engine-dmn\7.9.0\camunda-engine-dmn-7.9.0.jar;C:\Users\Votas\.m2\repository\org\camunda\commons\camunda-commons-utils\1.5.0\camunda-commons-utils-1.5.0.jar;C:\Users\Votas\.m2\repository\org\camunda\bpm\model\camunda-dmn-model\7.9.0\camunda-dmn-model-7.9.0.jar;C:\Users\Votas\.m2\repository\org\camunda\bpm\dmn\camunda-engine-feel-api\7.9.0\camunda-engine-feel-api-7.9.0.jar;C:\Users\Votas\.m2\repository\org\camunda\bpm\dmn\camunda-engine-feel-juel\7.9.0\camunda-engine-feel-juel-7.9.0.jar;C:\Users\Votas\.m2\repository\de\odysseus\juel\juel-api\2.2.7\juel-api-2.2.7.jar;C:\Users\Votas\.m2\repository\de\odysseus\juel\juel-spi\2.2.7\juel-spi-2.2.7.jar;C:\Users\Votas\.m2\repository\de\odysseus\juel\juel-impl\2.2.7\juel-impl-2.2.7.jar;C:\Users\Votas\.m2\repository\org\camunda\bpm\javaee\camunda-ejb-client\7.9.0\camunda-ejb-client-7.9.0.jar;C:\Users\Votas\.m2\repository\org\camunda\bpm\camunda-engine-cdi\7.9.0\camunda-engine-cdi-7.9.0.jar;C:\Users\Votas\.m2\repository\org\camunda\bpm\extension\camunda-bpm-assert\1.2\camunda-bpm-assert-1.2.jar;C:\Users\Votas\.m2\repository\org\assertj\assertj-core\1.7.0\assertj-core-1.7.0.jar;C:\Users\Votas\.m2\repository\org\camunda\spin\camunda-spin-dataformat-all\1.5.1\camunda-spin-dataformat-all-1.5.1.jar;C:\Users\Votas\.m2\repository\org\camunda\spin\camunda-spin-core\1.5.1\camunda-spin-core-1.5.1.jar;C:\Users\Votas\.m2\repository\org\slf4j\slf4j-api\1.7.7\slf4j-api-1.7.7.jar;C:\Users\Votas\.m2\repository\org\camunda\bpm\camunda-engine-plugin-spin\7.9.0\camunda-engine-plugin-spin-7.9.0.jar;C:\Users\Votas\.m2\repository\org\camunda\template-engines\camunda-template-engines-freemarker\1.0.1\camunda-template-engines-freemarker-1.0.1.jar;C:\Users\Votas\.m2\repository\org\freemarker\freemarker\2.3.20\freemarker-2.3.20.jar;C:\Users\Votas\.m2\repository\org\camunda\template-engines\camunda-template-engines-velocity\1.0.1\camunda-template-engines-velocity-1.0.1.jar;C:\Users\Votas\.m2\repository\org\apache\velocity\velocity\1.7\velocity-1.7.jar;C:\Users\Votas\.m2\repository\commons-collections\commons-collections\3.2.1\commons-collections-3.2.1.jar;C:\Users\Votas\.m2\repository\commons-lang\commons-lang\2.4\commons-lang-2.4.jar;C:\Users\Votas\.m2\repository\org\webjars\bootstrap\2.3.2\bootstrap-2.3.2.jar;C:\Users\Votas\.m2\repository\org\webjars\jquery\1.9.0\jquery-1.9.0.jar;C:\Users\Votas\.m2\repository\org\projectlombok\lombok\1.18.12\lombok-1.18.12.jar;C:\Users\Votas\.m2\repository\javax\activation\activation\1.1.1\activation-1.1.1.jar;C:\Users\Votas\.m2\repository\javax\enterprise\cdi-api\2.0.SP1\cdi-api-2.0.SP1.jar;C:\Users\Votas\.m2\repository\javax\inject\javax.inject\1\javax.inject-1.jar;C:\Users\Votas\.m2\repository\javax\json\javax.json-api\1.1.2\javax.json-api-1.1.2.jar;C:\Users\Votas\.m2\repository\javax\json\bind\javax.json.bind-api\1.0\javax.json.bind-api-1.0.jar;C:\Users\Votas\.m2\repository\javax\jws\jsr181-api\1.0-MR1\jsr181-api-1.0-MR1.jar;C:\Users\Votas\.m2\repository\com\sun\mail\javax.mail\1.6.2\javax.mail-1.6.2.jar;C:\Users\Votas\.m2\repository\javax\persistence\javax.persistence-api\2.2\javax.persistence-api-2.2.jar;C:\Users\Votas\.m2\repository\javax\security\enterprise\javax.security.enterprise-api\1.0\javax.security.enterprise-api-1.0.jar;C:\Users\Votas\.m2\repository\javax\validation\validation-api\2.0.1.Final\validation-api-2.0.1.Final.jar;C:\Users\Votas\.m2\repository\org\jboss\spec\javax\annotation\jboss-annotations-api_1.3_spec\1.0.1.Final\jboss-annotations-api_1.3_spec-1.0.1.Final.jar;C:\Users\Votas\.m2\repository\org\jboss\spec\javax\batch\jboss-batch-api_1.0_spec\1.0.1.Final\jboss-batch-api_1.0_spec-1.0.1.Final.jar;C:\Users\Votas\.m2\repository\org\jboss\spec\javax\ejb\jboss-ejb-api_3.2_spec\1.0.1.Final\jboss-ejb-api_3.2_spec-1.0.1.Final.jar;C:\Users\Votas\.m2\repository\org\jboss\spec\javax\el\jboss-el-api_3.0_spec\1.0.13.Final\jboss-el-api_3.0_spec-1.0.13.Final.jar;C:\Users\Votas\.m2\repository\org\jboss\spec\javax\enterprise\concurrent\jboss-concurrency-api_1.0_spec\1.0.2.Final\jboss-concurrency-api_1.0_spec-1.0.2.Final.jar;C:\Users\Votas\.m2\repository\org\jboss\spec\javax\faces\jboss-jsf-api_2.3_spec\2.3.9.SP01\jboss-jsf-api_2.3_spec-2.3.9.SP01.jar;C:\Users\Votas\.m2\repository\org\jboss\spec\javax\interceptor\jboss-interceptors-api_1.2_spec\1.0.1.Final\jboss-interceptors-api_1.2_spec-1.0.1.Final.jar;C:\Users\Votas\.m2\repository\org\jboss\spec\javax\management\j2ee\jboss-j2eemgmt-api_1.1_spec\1.0.2.Final\jboss-j2eemgmt-api_1.1_spec-1.0.2.Final.jar;C:\Users\Votas\.m2\repository\org\jboss\spec\javax\resource\jboss-connector-api_1.7_spec\1.0.1.Final\jboss-connector-api_1.7_spec-1.0.1.Final.jar;C:\Users\Votas\.m2\repository\org\jboss\spec\javax\rmi\jboss-rmi-api_1.0_spec\1.0.6.Final\jboss-rmi-api_1.0_spec-1.0.6.Final.jar;C:\Users\Votas\.m2\repository\org\jboss\spec\javax\security\jacc\jboss-jacc-api_1.5_spec\1.0.2.Final\jboss-jacc-api_1.5_spec-1.0.2.Final.jar;C:\Users\Votas\.m2\repository\org\jboss\spec\javax\security\auth\message\jboss-jaspi-api_1.1_spec\1.0.2.Final\jboss-jaspi-api_1.1_spec-1.0.2.Final.jar;C:\Users\Votas\.m2\repository\org\jboss\spec\javax\jms\jboss-jms-api_2.0_spec\1.0.2.Final\jboss-jms-api_2.0_spec-1.0.2.Final.jar;C:\Users\Votas\.m2\repository\org\jboss\spec\javax\servlet\jboss-servlet-api_4.0_spec\1.0.0.Final\jboss-servlet-api_4.0_spec-1.0.0.Final.jar;C:\Users\Votas\.m2\repository\org\jboss\spec\javax\servlet\jsp\jboss-jsp-api_2.3_spec\1.0.3.Final\jboss-jsp-api_2.3_spec-1.0.3.Final.jar;C:\Users\Votas\.m2\repository\org\apache\taglibs\taglibs-standard-spec\1.2.6-RC1\taglibs-standard-spec-1.2.6-RC1.jar;C:\Users\Votas\.m2\repository\org\apache\taglibs\taglibs-standard-impl\1.2.6-RC1\taglibs-standard-impl-1.2.6-RC1.jar;C:\Users\Votas\.m2\repository\org\jboss\spec\javax\transaction\jboss-transaction-api_1.2_spec\1.1.1.Final\jboss-transaction-api_1.2_spec-1.1.1.Final.jar;C:\Users\Votas\.m2\repository\org\jboss\spec\javax\ws\rs\jboss-jaxrs-api_2.1_spec\1.0.2.Final\jboss-jaxrs-api_2.1_spec-1.0.2.Final.jar;C:\Users\Votas\.m2\repository\org\jboss\spec\javax\websocket\jboss-websocket-api_1.1_spec\1.1.3.Final\jboss-websocket-api_1.1_spec-1.1.3.Final.jar;C:\Users\Votas\.m2\repository\org\jboss\spec\javax\xml\bind\jboss-jaxb-api_2.3_spec\1.0.1.Final\jboss-jaxb-api_2.3_spec-1.0.1.Final.jar;C:\Users\Votas\.m2\repository\org\jboss\spec\javax\xml\soap\jboss-saaj-api_1.3_spec\1.0.6.Final\jboss-saaj-api_1.3_spec-1.0.6.Final.jar;C:\Users\Votas\.m2\repository\org\jboss\spec\javax\xml\ws\jboss-jaxws-api_2.3_spec\1.0.0.Final\jboss-jaxws-api_2.3_spec-1.0.0.Final.jar;C:\Users\Votas\.m2\repository\junit\junit\4.12\junit-4.12.jar;C:\Users\Votas\.m2\repository\org\hamcrest\hamcrest-core\1.3\hamcrest-core-1.3.jar;C:\Users\Votas\.m2\repository\org\jboss\arquillian\junit\arquillian-junit-container\1.4.0.Final\arquillian-junit-container-1.4.0.Final.jar;C:\Users\Votas\.m2\repository\org\jboss\arquillian\junit\arquillian-junit-core\1.4.0.Final\arquillian-junit-core-1.4.0.Final.jar;C:\Users\Votas\.m2\repository\org\jboss\arquillian\test\arquillian-test-api\1.4.0.Final\arquillian-test-api-1.4.0.Final.jar;C:\Users\Votas\.m2\repository\org\jboss\arquillian\test\arquillian-test-spi\1.4.0.Final\arquillian-test-spi-1.4.0.Final.jar;C:\Users\Votas\.m2\repository\org\jboss\arquillian\core\arquillian-core-spi\1.4.0.Final\arquillian-core-spi-1.4.0.Final.jar;C:\Users\Votas\.m2\repository\org\jboss\arquillian\container\arquillian-container-test-api\1.4.0.Final\arquillian-container-test-api-1.4.0.Final.jar;C:\Users\Votas\.m2\repository\org\jboss\shrinkwrap\shrinkwrap-api\1.2.6\shrinkwrap-api-1.2.6.jar;C:\Users\Votas\.m2\repository\org\jboss\shrinkwrap\descriptors\shrinkwrap-descriptors-api-base\2.0.0\shrinkwrap-descriptors-api-base-2.0.0.jar;C:\Users\Votas\.m2\repository\org\jboss\arquillian\container\arquillian-container-test-spi\1.4.0.Final\arquillian-container-test-spi-1.4.0.Final.jar;C:\Users\Votas\.m2\repository\org\jboss\arquillian\core\arquillian-core-impl-base\1.4.0.Final\arquillian-core-impl-base-1.4.0.Final.jar;C:\Users\Votas\.m2\repository\org\jboss\arquillian\test\arquillian-test-impl-base\1.4.0.Final\arquillian-test-impl-base-1.4.0.Final.jar;C:\Users\Votas\.m2\repository\org\jboss\arquillian\container\arquillian-container-impl-base\1.4.0.Final\arquillian-container-impl-base-1.4.0.Final.jar;C:\Users\Votas\.m2\repository\org\jboss\arquillian\config\arquillian-config-api\1.4.0.Final\arquillian-config-api-1.4.0.Final.jar;C:\Users\Votas\.m2\repository\org\jboss\arquillian\config\arquillian-config-impl-base\1.4.0.Final\arquillian-config-impl-base-1.4.0.Final.jar;C:\Users\Votas\.m2\repository\org\jboss\arquillian\config\arquillian-config-spi\1.4.0.Final\arquillian-config-spi-1.4.0.Final.jar;C:\Users\Votas\.m2\repository\org\jboss\arquillian\container\arquillian-container-test-impl-base\1.4.0.Final\arquillian-container-test-impl-base-1.4.0.Final.jar;C:\Users\Votas\.m2\repository\org\jboss\shrinkwrap\shrinkwrap-impl-base\1.2.6\shrinkwrap-impl-base-1.2.6.jar;C:\Users\Votas\.m2\repository\org\jboss\shrinkwrap\shrinkwrap-spi\1.2.6\shrinkwrap-spi-1.2.6.jar;C:\Users\Votas\.m2\repository\org\jboss\arquillian\protocol\arquillian-protocol-servlet\1.4.0.Final\arquillian-protocol-servlet-1.4.0.Final.jar;C:\Users\Votas\.m2\repository\org\jboss\arquillian\container\arquillian-container-spi\1.4.0.Final\arquillian-container-spi-1.4.0.Final.jar;C:\Users\Votas\.m2\repository\org\jboss\shrinkwrap\descriptors\shrinkwrap-descriptors-spi\2.0.0\shrinkwrap-descriptors-spi-2.0.0.jar;C:\Users\Votas\.m2\repository\org\jboss\shrinkwrap\resolver\shrinkwrap-resolver-impl-maven\2.2.6\shrinkwrap-resolver-impl-maven-2.2.6.jar;C:\Users\Votas\.m2\repository\org\jboss\shrinkwrap\resolver\shrinkwrap-resolver-api-maven\2.2.6\shrinkwrap-resolver-api-maven-2.2.6.jar;C:\Users\Votas\.m2\repository\org\jboss\shrinkwrap\resolver\shrinkwrap-resolver-api\2.2.6\shrinkwrap-resolver-api-2.2.6.jar;C:\Users\Votas\.m2\repository\org\jboss\shrinkwrap\resolver\shrinkwrap-resolver-spi-maven\2.2.6\shrinkwrap-resolver-spi-maven-2.2.6.jar;C:\Users\Votas\.m2\repository\org\jboss\shrinkwrap\resolver\shrinkwrap-resolver-spi\2.2.6\shrinkwrap-resolver-spi-2.2.6.jar;C:\Users\Votas\.m2\repository\org\eclipse\aether\aether-api\1.0.0.v20140518\aether-api-1.0.0.v20140518.jar;C:\Users\Votas\.m2\repository\org\eclipse\aether\aether-impl\1.0.0.v20140518\aether-impl-1.0.0.v20140518.jar;C:\Users\Votas\.m2\repository\org\eclipse\aether\aether-spi\1.0.0.v20140518\aether-spi-1.0.0.v20140518.jar;C:\Users\Votas\.m2\repository\org\eclipse\aether\aether-util\1.0.0.v20140518\aether-util-1.0.0.v20140518.jar;C:\Users\Votas\.m2\repository\org\eclipse\aether\aether-connector-basic\1.0.0.v20140518\aether-connector-basic-1.0.0.v20140518.jar;C:\Users\Votas\.m2\repository\org\eclipse\aether\aether-transport-wagon\1.0.0.v20140518\aether-transport-wagon-1.0.0.v20140518.jar;C:\Users\Votas\.m2\repository\org\apache\maven\maven-aether-provider\3.2.5\maven-aether-provider-3.2.5.jar;C:\Users\Votas\.m2\repository\org\apache\maven\maven-model\3.2.5\maven-model-3.2.5.jar;C:\Users\Votas\.m2\repository\org\apache\maven\maven-model-builder\3.2.5\maven-model-builder-3.2.5.jar;C:\Users\Votas\.m2\repository\org\codehaus\plexus\plexus-component-annotations\1.5.5\plexus-component-annotations-1.5.5.jar;C:\Users\Votas\.m2\repository\org\apache\maven\maven-repository-metadata\3.2.5\maven-repository-metadata-3.2.5.jar;C:\Users\Votas\.m2\repository\org\apache\maven\maven-settings\3.2.5\maven-settings-3.2.5.jar;C:\Users\Votas\.m2\repository\org\apache\maven\maven-settings-builder\3.2.5\maven-settings-builder-3.2.5.jar;C:\Users\Votas\.m2\repository\com\google\guava\guava\18.0\guava-18.0.jar;C:\Users\Votas\.m2\repository\org\codehaus\plexus\plexus-interpolation\1.21\plexus-interpolation-1.21.jar;C:\Users\Votas\.m2\repository\org\codehaus\plexus\plexus-utils\3.0.20\plexus-utils-3.0.20.jar;C:\Users\Votas\.m2\repository\org\sonatype\plexus\plexus-sec-dispatcher\1.3\plexus-sec-dispatcher-1.3.jar;C:\Users\Votas\.m2\repository\org\sonatype\plexus\plexus-cipher\1.4\plexus-cipher-1.4.jar;C:\Users\Votas\.m2\repository\org\apache\maven\wagon\wagon-provider-api\2.6\wagon-provider-api-2.6.jar;C:\Users\Votas\.m2\repository\org\apache\maven\wagon\wagon-file\2.6\wagon-file-2.6.jar;C:\Users\Votas\.m2\repository\org\apache\maven\wagon\wagon-http-lightweight\2.6\wagon-http-lightweight-2.6.jar;C:\Users\Votas\.m2\repository\org\apache\maven\wagon\wagon-http-shared\2.6\wagon-http-shared-2.6.jar;C:\Users\Votas\.m2\repository\org\jsoup\jsoup\1.7.2\jsoup-1.7.2.jar;C:\Users\Votas\.m2\repository\com\h2database\h2\1.4.197\h2-1.4.197.jar;C:\Users\Votas\.m2\repository\org\camunda\bpm\extension\camunda-bpm-process-test-coverage\0.3.2\camunda-bpm-process-test-coverage-0.3.2.jar;C:\Users\Votas\.m2\repository\commons-io\commons-io\2.5\commons-io-2.5.jar;C:\Users\Votas\.m2\repository\org\apache\commons\commons-lang3\3.4\commons-lang3-3.4.jar;C:\Users\Votas\.m2\repository\org\hamcrest\hamcrest-library\1.3\hamcrest-library-1.3.jar;C:\Users\Votas\.m2\repository\ch\qos\logback\logback-classic\1.1.3\logback-classic-1.1.3.jar;C:\Users\Votas\.m2\repository\ch\qos\logback\logback-core\1.1.3\logback-core-1.1.3.jar;C:\Users\Votas\.m2\repository\org\slf4j\jcl-over-slf4j\1.7.25\jcl-over-slf4j-1.7.25.jar;C:\Users\Votas\.m2\repository\org\glassfish\jersey\core\jersey-client\2.29.1\jersey-client-2.29.1.jar;C:\Users\Votas\.m2\repository\jakarta\ws\rs\jakarta.ws.rs-api\2.1.6\jakarta.ws.rs-api-2.1.6.jar;C:\Users\Votas\.m2\repository\org\glassfish\jersey\core\jersey-common\2.29.1\jersey-common-2.29.1.jar;C:\Users\Votas\.m2\repository\jakarta\annotation\jakarta.annotation-api\1.3.5\jakarta.annotation-api-1.3.5.jar;C:\Users\Votas\.m2\repository\org\glassfish\hk2\osgi-resource-locator\1.0.3\osgi-resource-locator-1.0.3.jar;C:\Users\Votas\.m2\repository\com\sun\activation\jakarta.activation\1.2.1\jakarta.activation-1.2.1.jar;C:\Users\Votas\.m2\repository\org\glassfish\hk2\external\jakarta.inject\2.6.1\jakarta.inject-2.6.1.jar;C:\Users\Votas\.m2\repository\org\slf4j\jul-to-slf4j\1.7.25\jul-to-slf4j-1.7.25.jar;C:\Users\Votas\.m2\repository\org\wildfly\arquillian\wildfly-arquillian-container-remote\2.1.0.Final\wildfly-arquillian-container-remote-2.1.0.Final.jar;C:\Users\Votas\.m2\repository\org\wildfly\arquillian\wildfly-arquillian-common\2.1.0.Final\wildfly-arquillian-common-2.1.0.Final.jar;C:\Users\Votas\.m2\repository\org\jboss\arquillian\testenricher\arquillian-testenricher-cdi\1.4.0.Final\arquillian-testenricher-cdi-1.4.0.Final.jar;C:\Users\Votas\.m2\repository\org\jboss\arquillian\testenricher\arquillian-testenricher-ejb\1.4.0.Final\arquillian-testenricher-ejb-1.4.0.Final.jar;C:\Users\Votas\.m2\repository\org\jboss\arquillian\testenricher\arquillian-testenricher-initialcontext\1.4.0.Final\arquillian-testenricher-initialcontext-1.4.0.Final.jar;C:\Users\Votas\.m2\repository\org\jboss\arquillian\testenricher\arquillian-testenricher-resource\1.4.0.Final\arquillian-testenricher-resource-1.4.0.Final.jar;C:\Users\Votas\.m2\repository\org\wildfly\arquillian\wildfly-arquillian-testenricher-msc\2.1.0.Final\wildfly-arquillian-testenricher-msc-2.1.0.Final.jar;C:\Users\Votas\.m2\repository\org\wildfly\core\wildfly-server\3.0.0.Final\wildfly-server-3.0.0.Final.jar;C:\Users\Votas\.m2\repository\org\wildfly\core\wildfly-controller\3.0.0.Final\wildfly-controller-3.0.0.Final.jar;C:\Users\Votas\.m2\repository\org\jboss\staxmapper\1.3.0.Final\staxmapper-1.3.0.Final.jar;C:\Users\Votas\.m2\repository\org\projectodd\vdx\vdx-wildfly\1.1.6\vdx-wildfly-1.1.6.jar;C:\Users\Votas\.m2\repository\org\projectodd\vdx\vdx-core\1.1.6\vdx-core-1.1.6.jar;C:\Users\Votas\.m2\repository\org\wildfly\core\wildfly-core-management-client\3.0.0.Final\wildfly-core-management-client-3.0.0.Final.jar;C:\Users\Votas\.m2\repository\org\wildfly\core\wildfly-domain-http-interface\3.0.0.Final\wildfly-domain-http-interface-3.0.0.Final.jar;C:\Users\Votas\.m2\repository\org\wildfly\security\elytron-web\undertow-server\1.0.0.Final\undertow-server-1.0.0.Final.jar;C:\Users\Votas\.m2\repository\org\wildfly\core\wildfly-deployment-repository\3.0.0.Final\wildfly-deployment-repository-3.0.0.Final.jar;C:\Users\Votas\.m2\repository\org\wildfly\core\wildfly-platform-mbean\3.0.0.Final\wildfly-platform-mbean-3.0.0.Final.jar;C:\Users\Votas\.m2\repository\org\wildfly\core\wildfly-process-controller\3.0.0.Final\wildfly-process-controller-3.0.0.Final.jar;C:\Users\Votas\.m2\repository\org\wildfly\core\wildfly-network\3.0.0.Final\wildfly-network-3.0.0.Final.jar;C:\Users\Votas\.m2\repository\org\wildfly\core\wildfly-version\3.0.0.Final\wildfly-version-3.0.0.Final.jar;C:\Users\Votas\.m2\repository\org\jboss\jandex\2.0.3.Final\jandex-2.0.3.Final.jar;C:\Users\Votas\.m2\repository\org\jboss\invocation\jboss-invocation\1.5.0.Final\jboss-invocation-1.5.0.Final.jar;C:\Users\Votas\.m2\repository\org\jboss\logmanager\jboss-logmanager\2.0.7.Final\jboss-logmanager-2.0.7.Final.jar;C:\Users\Votas\.m2\repository\org\jboss\modules\jboss-modules\1.6.0.Final\jboss-modules-1.6.0.Final.jar;C:\Users\Votas\.m2\repository\org\jboss\remoting\jboss-remoting\5.0.0.Final\jboss-remoting-5.0.0.Final.jar;C:\Users\Votas\.m2\repository\org\jboss\stdio\jboss-stdio\1.0.2.GA\jboss-stdio-1.0.2.GA.jar;C:\Users\Votas\.m2\repository\org\jboss\jboss-vfs\3.2.12.Final\jboss-vfs-3.2.12.Final.jar;C:\Users\Votas\.m2\repository\io\undertow\undertow-core\1.4.18.Final\undertow-core-1.4.18.Final.jar;C:\Users\Votas\.m2\repository\org\wildfly\core\wildfly-controller-client\3.0.0.Final\wildfly-controller-client-3.0.0.Final.jar;C:\Users\Votas\.m2\repository\org\wildfly\core\wildfly-protocol\3.0.0.Final\wildfly-protocol-3.0.0.Final.jar;C:\Users\Votas\.m2\repository\org\jboss\xnio\xnio-api\3.5.1.Final\xnio-api-3.5.1.Final.jar;C:\Users\Votas\.m2\repository\org\jboss\xnio\xnio-nio\3.5.1.Final\xnio-nio-3.5.1.Final.jar;C:\Users\Votas\.m2\repository\org\jboss\jboss-dmr\1.4.1.Final\jboss-dmr-1.4.1.Final.jar;C:\Users\Votas\.m2\repository\org\jboss\logging\jboss-logging\3.3.1.Final\jboss-logging-3.3.1.Final.jar;C:\Users\Votas\.m2\repository\org\jboss\threads\jboss-threads\2.2.1.Final\jboss-threads-2.2.1.Final.jar;C:\Users\Votas\.m2\repository\org\wildfly\plugins\wildfly-plugin-core\1.2.0.Final\wildfly-plugin-core-1.2.0.Final.jar;C:\Users\Votas\.m2\repository\org\jboss\shrinkwrap\descriptors\shrinkwrap-descriptors-impl-base\2.0.0\shrinkwrap-descriptors-impl-base-2.0.0.jar;C:\Users\Votas\.m2\repository\org\wildfly\common\wildfly-common\1.2.0.Final\wildfly-common-1.2.0.Final.jar;C:\Users\Votas\.m2\repository\org\wildfly\arquillian\wildfly-arquillian-protocol-jmx\2.1.0.Final\wildfly-arquillian-protocol-jmx-2.1.0.Final.jar;C:\Users\Votas\.m2\repository\org\wildfly\security\wildfly-elytron\1.1.0.Final\wildfly-elytron-1.1.0.Final.jar;C:\Users\Votas\.m2\repository\org\jboss\arquillian\protocol\arquillian-protocol-jmx\1.4.0.Final\arquillian-protocol-jmx-1.4.0.Final.jar;C:\Users\Votas\.m2\repository\org\wildfly\core\wildfly-jmx\3.0.0.Final\wildfly-jmx-3.0.0.Final.jar;C:\Users\Votas\.m2\repository\org\jboss\msc\jboss-msc\1.2.7.SP1\jboss-msc-1.2.7.SP1.jar;C:\Users\Votas\.m2\repository\org\jboss\remotingjmx\remoting-jmx\3.0.0.Final\remoting-jmx-3.0.0.Final.jar;C:\Users\Votas\.m2\repository\org\wildfly\client\wildfly-client-config\1.0.0.Final\wildfly-client-config-1.0.0.Final.jar;C:\Users\Votas\.m2\repository\org\wildfly\core\wildfly-remoting\3.0.0.Final\wildfly-remoting-3.0.0.Final.jar;C:\Users\Votas\.m2\repository\org\wildfly\core\wildfly-domain-management\3.0.0.Final\wildfly-domain-management-3.0.0.Final.jar;C:\Users\Votas\.m2\repository\org\picketbox\picketbox\5.0.2.Final\picketbox-5.0.2.Final.jar;C:\Users\Votas\.m2\repository\org\wildfly\openssl\wildfly-openssl-java\1.0.2.Final\wildfly-openssl-java-1.0.2.Final.jar;C:\Users\Votas\.m2\repository\org\wildfly\core\wildfly-core-security\3.0.0.Final\wildfly-core-security-3.0.0.Final.jar;C:\Users\Votas\.m2\repository\org\wildfly\core\wildfly-core-security-api\3.0.0.Final\wildfly-core-security-api-3.0.0.Final.jar;C:\Users\Votas\.m2\repository\org\wildfly\core\wildfly-io\3.0.0.Final\wildfly-io-3.0.0.Final.jar;C:\Users\Votas\.m2\repository\org\jboss\marshalling\jboss-marshalling-river\2.0.0.Final\jboss-marshalling-river-2.0.0.Final.jar;C:\Users\Votas\.m2\repository\org\jboss\marshalling\jboss-marshalling\2.0.0.Final\jboss-marshalling-2.0.0.Final.jar;C:\Users\Votas\.m2\repository\org\jboss\arquillian\core\arquillian-core-api\1.4.0.Final\arquillian-core-api-1.4.0.Final.jar;"/>
    <property name="java.vm.vendor" value="Oracle Corporation"/>
    <property name="sun.arch.data.model" value="64"/>
    <property name="user.variant" value=""/>
    <property name="java.vendor.url" value="http://java.oracle.com/"/>
    <property name="user.timezone" value="Europe/Helsinki"/>
    <property name="java.vm.specification.version" value="11"/>
    <property name="os.name" value="Windows 10"/>
    <property name="sun.java.launcher" value="SUN_STANDARD"/>
    <property name="user.country" value="RU"/>
    <property name="sun.boot.library.path" value="C:\Program Files\Java\jdk-11.0.2\bin"/>
    <property name="sun.java.command" value="C:\Users\Votas\AppData\Local\Temp\surefire11185639025201726409\surefirebooter10455044202644563882.jar C:\Users\Votas\AppData\Local\Temp\surefire11185639025201726409 2021-01-16T11-51-59_032-jvmRun1 surefire8604410797893518245tmp surefire_01260976716457650130tmp"/>
    <property name="jdk.debug" value="release"/>
    <property name="surefire.test.class.path" value="C:\Users\Votas\IdeaProjects\BonusProject\target\test-classes;C:\Users\Votas\IdeaProjects\BonusProject\target\classes;C:\Users\Votas\.m2\repository\org\camunda\bpm\camunda-engine\7.9.0\camunda-engine-7.9.0.jar;C:\Users\Votas\.m2\repository\org\camunda\bpm\model\camunda-bpmn-model\7.9.0\camunda-bpmn-model-7.9.0.jar;C:\Users\Votas\.m2\repository\org\camunda\bpm\model\camunda-xml-model\7.9.0\camunda-xml-model-7.9.0.jar;C:\Users\Votas\.m2\repository\org\camunda\bpm\model\camunda-cmmn-model\7.9.0\camunda-cmmn-model-7.9.0.jar;C:\Users\Votas\.m2\repository\org\camunda\commons\camunda-commons-logging\1.5.0\camunda-commons-logging-1.5.0.jar;C:\Users\Votas\.m2\repository\org\camunda\commons\camunda-commons-typed-values\1.5.0\camunda-commons-typed-values-1.5.0.jar;C:\Users\Votas\.m2\repository\org\apache\commons\commons-email\1.5\commons-email-1.5.jar;C:\Users\Votas\.m2\repository\org\mybatis\mybatis\3.4.4\mybatis-3.4.4.jar;C:\Users\Votas\.m2\repository\org\springframework\spring-beans\3.1.2.RELEASE\spring-beans-3.1.2.RELEASE.jar;C:\Users\Votas\.m2\repository\org\springframework\spring-core\3.1.2.RELEASE\spring-core-3.1.2.RELEASE.jar;C:\Users\Votas\.m2\repository\org\springframework\spring-asm\3.1.2.RELEASE\spring-asm-3.1.2.RELEASE.jar;C:\Users\Votas\.m2\repository\commons-logging\commons-logging\1.1.1\commons-logging-1.1.1.jar;C:\Users\Votas\.m2\repository\joda-time\joda-time\2.1\joda-time-2.1.jar;C:\Users\Votas\.m2\repository\org\camunda\bpm\dmn\camunda-engine-dmn\7.9.0\camunda-engine-dmn-7.9.0.jar;C:\Users\Votas\.m2\repository\org\camunda\commons\camunda-commons-utils\1.5.0\camunda-commons-utils-1.5.0.jar;C:\Users\Votas\.m2\repository\org\camunda\bpm\model\camunda-dmn-model\7.9.0\camunda-dmn-model-7.9.0.jar;C:\Users\Votas\.m2\repository\org\camunda\bpm\dmn\camunda-engine-feel-api\7.9.0\camunda-engine-feel-api-7.9.0.jar;C:\Users\Votas\.m2\repository\org\camunda\bpm\dmn\camunda-engine-feel-juel\7.9.0\camunda-engine-feel-juel-7.9.0.jar;C:\Users\Votas\.m2\repository\de\odysseus\juel\juel-api\2.2.7\juel-api-2.2.7.jar;C:\Users\Votas\.m2\repository\de\odysseus\juel\juel-spi\2.2.7\juel-spi-2.2.7.jar;C:\Users\Votas\.m2\repository\de\odysseus\juel\juel-impl\2.2.7\juel-impl-2.2.7.jar;C:\Users\Votas\.m2\repository\org\camunda\bpm\javaee\camunda-ejb-client\7.9.0\camunda-ejb-client-7.9.0.jar;C:\Users\Votas\.m2\repository\org\camunda\bpm\camunda-engine-cdi\7.9.0\camunda-engine-cdi-7.9.0.jar;C:\Users\Votas\.m2\repository\org\camunda\bpm\extension\camunda-bpm-assert\1.2\camunda-bpm-assert-1.2.jar;C:\Users\Votas\.m2\repository\org\assertj\assertj-core\1.7.0\assertj-core-1.7.0.jar;C:\Users\Votas\.m2\repository\org\camunda\spin\camunda-spin-dataformat-all\1.5.1\camunda-spin-dataformat-all-1.5.1.jar;C:\Users\Votas\.m2\repository\org\camunda\spin\camunda-spin-core\1.5.1\camunda-spin-core-1.5.1.jar;C:\Users\Votas\.m2\repository\org\slf4j\slf4j-api\1.7.7\slf4j-api-1.7.7.jar;C:\Users\Votas\.m2\repository\org\camunda\bpm\camunda-engine-plugin-spin\7.9.0\camunda-engine-plugin-spin-7.9.0.jar;C:\Users\Votas\.m2\repository\org\camunda\template-engines\camunda-template-engines-freemarker\1.0.1\camunda-template-engines-freemarker-1.0.1.jar;C:\Users\Votas\.m2\repository\org\freemarker\freemarker\2.3.20\freemarker-2.3.20.jar;C:\Users\Votas\.m2\repository\org\camunda\template-engines\camunda-template-engines-velocity\1.0.1\camunda-template-engines-velocity-1.0.1.jar;C:\Users\Votas\.m2\repository\org\apache\velocity\velocity\1.7\velocity-1.7.jar;C:\Users\Votas\.m2\repository\commons-collections\commons-collections\3.2.1\commons-collections-3.2.1.jar;C:\Users\Votas\.m2\repository\commons-lang\commons-lang\2.4\commons-lang-2.4.jar;C:\Users\Votas\.m2\repository\org\webjars\bootstrap\2.3.2\bootstrap-2.3.2.jar;C:\Users\Votas\.m2\repository\org\webjars\jquery\1.9.0\jquery-1.9.0.jar;C:\Users\Votas\.m2\repository\org\projectlombok\lombok\1.18.12\lombok-1.18.12.jar;C:\Users\Votas\.m2\repository\javax\activation\activation\1.1.1\activation-1.1.1.jar;C:\Users\Votas\.m2\repository\javax\enterprise\cdi-api\2.0.SP1\cdi-api-2.0.SP1.jar;C:\Users\Votas\.m2\repository\javax\inject\javax.inject\1\javax.inject-1.jar;C:\Users\Votas\.m2\repository\javax\json\javax.json-api\1.1.2\javax.json-api-1.1.2.jar;C:\Users\Votas\.m2\repository\javax\json\bind\javax.json.bind-api\1.0\javax.json.bind-api-1.0.jar;C:\Users\Votas\.m2\repository\javax\jws\jsr181-api\1.0-MR1\jsr181-api-1.0-MR1.jar;C:\Users\Votas\.m2\repository\com\sun\mail\javax.mail\1.6.2\javax.mail-1.6.2.jar;C:\Users\Votas\.m2\repository\javax\persistence\javax.persistence-api\2.2\javax.persistence-api-2.2.jar;C:\Users\Votas\.m2\repository\javax\security\enterprise\javax.security.enterprise-api\1.0\javax.security.enterprise-api-1.0.jar;C:\Users\Votas\.m2\repository\javax\validation\validation-api\2.0.1.Final\validation-api-2.0.1.Final.jar;C:\Users\Votas\.m2\repository\org\jboss\spec\javax\annotation\jboss-annotations-api_1.3_spec\1.0.1.Final\jboss-annotations-api_1.3_spec-1.0.1.Final.jar;C:\Users\Votas\.m2\repository\org\jboss\spec\javax\batch\jboss-batch-api_1.0_spec\1.0.1.Final\jboss-batch-api_1.0_spec-1.0.1.Final.jar;C:\Users\Votas\.m2\repository\org\jboss\spec\javax\ejb\jboss-ejb-api_3.2_spec\1.0.1.Final\jboss-ejb-api_3.2_spec-1.0.1.Final.jar;C:\Users\Votas\.m2\repository\org\jboss\spec\javax\el\jboss-el-api_3.0_spec\1.0.13.Final\jboss-el-api_3.0_spec-1.0.13.Final.jar;C:\Users\Votas\.m2\repository\org\jboss\spec\javax\enterprise\concurrent\jboss-concurrency-api_1.0_spec\1.0.2.Final\jboss-concurrency-api_1.0_spec-1.0.2.Final.jar;C:\Users\Votas\.m2\repository\org\jboss\spec\javax\faces\jboss-jsf-api_2.3_spec\2.3.9.SP01\jboss-jsf-api_2.3_spec-2.3.9.SP01.jar;C:\Users\Votas\.m2\repository\org\jboss\spec\javax\interceptor\jboss-interceptors-api_1.2_spec\1.0.1.Final\jboss-interceptors-api_1.2_spec-1.0.1.Final.jar;C:\Users\Votas\.m2\repository\org\jboss\spec\javax\management\j2ee\jboss-j2eemgmt-api_1.1_spec\1.0.2.Final\jboss-j2eemgmt-api_1.1_spec-1.0.2.Final.jar;C:\Users\Votas\.m2\repository\org\jboss\spec\javax\resource\jboss-connector-api_1.7_spec\1.0.1.Final\jboss-connector-api_1.7_spec-1.0.1.Final.jar;C:\Users\Votas\.m2\repository\org\jboss\spec\javax\rmi\jboss-rmi-api_1.0_spec\1.0.6.Final\jboss-rmi-api_1.0_spec-1.0.6.Final.jar;C:\Users\Votas\.m2\repository\org\jboss\spec\javax\security\jacc\jboss-jacc-api_1.5_spec\1.0.2.Final\jboss-jacc-api_1.5_spec-1.0.2.Final.jar;C:\Users\Votas\.m2\repository\org\jboss\spec\javax\security\auth\message\jboss-jaspi-api_1.1_spec\1.0.2.Final\jboss-jaspi-api_1.1_spec-1.0.2.Final.jar;C:\Users\Votas\.m2\repository\org\jboss\spec\javax\jms\jboss-jms-api_2.0_spec\1.0.2.Final\jboss-jms-api_2.0_spec-1.0.2.Final.jar;C:\Users\Votas\.m2\repository\org\jboss\spec\javax\servlet\jboss-servlet-api_4.0_spec\1.0.0.Final\jboss-servlet-api_4.0_spec-1.0.0.Final.jar;C:\Users\Votas\.m2\repository\org\jboss\spec\javax\servlet\jsp\jboss-jsp-api_2.3_spec\1.0.3.Final\jboss-jsp-api_2.3_spec-1.0.3.Final.jar;C:\Users\Votas\.m2\repository\org\apache\taglibs\taglibs-standard-spec\1.2.6-RC1\taglibs-standard-spec-1.2.6-RC1.jar;C:\Users\Votas\.m2\repository\org\apache\taglibs\taglibs-standard-impl\1.2.6-RC1\taglibs-standard-impl-1.2.6-RC1.jar;C:\Users\Votas\.m2\repository\org\jboss\spec\javax\transaction\jboss-transaction-api_1.2_spec\1.1.1.Final\jboss-transaction-api_1.2_spec-1.1.1.Final.jar;C:\Users\Votas\.m2\repository\org\jboss\spec\javax\ws\rs\jboss-jaxrs-api_2.1_spec\1.0.2.Final\jboss-jaxrs-api_2.1_spec-1.0.2.Final.jar;C:\Users\Votas\.m2\repository\org\jboss\spec\javax\websocket\jboss-websocket-api_1.1_spec\1.1.3.Final\jboss-websocket-api_1.1_spec-1.1.3.Final.jar;C:\Users\Votas\.m2\repository\org\jboss\spec\javax\xml\bind\jboss-jaxb-api_2.3_spec\1.0.1.Final\jboss-jaxb-api_2.3_spec-1.0.1.Final.jar;C:\Users\Votas\.m2\repository\org\jboss\spec\javax\xml\soap\jboss-saaj-api_1.3_spec\1.0.6.Final\jboss-saaj-api_1.3_spec-1.0.6.Final.jar;C:\Users\Votas\.m2\repository\org\jboss\spec\javax\xml\ws\jboss-jaxws-api_2.3_spec\1.0.0.Final\jboss-jaxws-api_2.3_spec-1.0.0.Final.jar;C:\Users\Votas\.m2\repository\junit\junit\4.12\junit-4.12.jar;C:\Users\Votas\.m2\repository\org\hamcrest\hamcrest-core\1.3\hamcrest-core-1.3.jar;C:\Users\Votas\.m2\repository\org\jboss\arquillian\junit\arquillian-junit-container\1.4.0.Final\arquillian-junit-container-1.4.0.Final.jar;C:\Users\Votas\.m2\repository\org\jboss\arquillian\junit\arquillian-junit-core\1.4.0.Final\arquillian-junit-core-1.4.0.Final.jar;C:\Users\Votas\.m2\repository\org\jboss\arquillian\test\arquillian-test-api\1.4.0.Final\arquillian-test-api-1.4.0.Final.jar;C:\Users\Votas\.m2\repository\org\jboss\arquillian\test\arquillian-test-spi\1.4.0.Final\arquillian-test-spi-1.4.0.Final.jar;C:\Users\Votas\.m2\repository\org\jboss\arquillian\core\arquillian-core-spi\1.4.0.Final\arquillian-core-spi-1.4.0.Final.jar;C:\Users\Votas\.m2\repository\org\jboss\arquillian\container\arquillian-container-test-api\1.4.0.Final\arquillian-container-test-api-1.4.0.Final.jar;C:\Users\Votas\.m2\repository\org\jboss\shrinkwrap\shrinkwrap-api\1.2.6\shrinkwrap-api-1.2.6.jar;C:\Users\Votas\.m2\repository\org\jboss\shrinkwrap\descriptors\shrinkwrap-descriptors-api-base\2.0.0\shrinkwrap-descriptors-api-base-2.0.0.jar;C:\Users\Votas\.m2\repository\org\jboss\arquillian\container\arquillian-container-test-spi\1.4.0.Final\arquillian-container-test-spi-1.4.0.Final.jar;C:\Users\Votas\.m2\repository\org\jboss\arquillian\core\arquillian-core-impl-base\1.4.0.Final\arquillian-core-impl-base-1.4.0.Final.jar;C:\Users\Votas\.m2\repository\org\jboss\arquillian\test\arquillian-test-impl-base\1.4.0.Final\arquillian-test-impl-base-1.4.0.Final.jar;C:\Users\Votas\.m2\repository\org\jboss\arquillian\container\arquillian-container-impl-base\1.4.0.Final\arquillian-container-impl-base-1.4.0.Final.jar;C:\Users\Votas\.m2\repository\org\jboss\arquillian\config\arquillian-config-api\1.4.0.Final\arquillian-config-api-1.4.0.Final.jar;C:\Users\Votas\.m2\repository\org\jboss\arquillian\config\arquillian-config-impl-base\1.4.0.Final\arquillian-config-impl-base-1.4.0.Final.jar;C:\Users\Votas\.m2\repository\org\jboss\arquillian\config\arquillian-config-spi\1.4.0.Final\arquillian-config-spi-1.4.0.Final.jar;C:\Users\Votas\.m2\repository\org\jboss\arquillian\container\arquillian-container-test-impl-base\1.4.0.Final\arquillian-container-test-impl-base-1.4.0.Final.jar;C:\Users\Votas\.m2\repository\org\jboss\shrinkwrap\shrinkwrap-impl-base\1.2.6\shrinkwrap-impl-base-1.2.6.jar;C:\Users\Votas\.m2\repository\org\jboss\shrinkwrap\shrinkwrap-spi\1.2.6\shrinkwrap-spi-1.2.6.jar;C:\Users\Votas\.m2\repository\org\jboss\arquillian\protocol\arquillian-protocol-servlet\1.4.0.Final\arquillian-protocol-servlet-1.4.0.Final.jar;C:\Users\Votas\.m2\repository\org\jboss\arquillian\container\arquillian-container-spi\1.4.0.Final\arquillian-container-spi-1.4.0.Final.jar;C:\Users\Votas\.m2\repository\org\jboss\shrinkwrap\descriptors\shrinkwrap-descriptors-spi\2.0.0\shrinkwrap-descriptors-spi-2.0.0.jar;C:\Users\Votas\.m2\repository\org\jboss\shrinkwrap\resolver\shrinkwrap-resolver-impl-maven\2.2.6\shrinkwrap-resolver-impl-maven-2.2.6.jar;C:\Users\Votas\.m2\repository\org\jboss\shrinkwrap\resolver\shrinkwrap-resolver-api-maven\2.2.6\shrinkwrap-resolver-api-maven-2.2.6.jar;C:\Users\Votas\.m2\repository\org\jboss\shrinkwrap\resolver\shrinkwrap-resolver-api\2.2.6\shrinkwrap-resolver-api-2.2.6.jar;C:\Users\Votas\.m2\repository\org\jboss\shrinkwrap\resolver\shrinkwrap-resolver-spi-maven\2.2.6\shrinkwrap-resolver-spi-maven-2.2.6.jar;C:\Users\Votas\.m2\repository\org\jboss\shrinkwrap\resolver\shrinkwrap-resolver-spi\2.2.6\shrinkwrap-resolver-spi-2.2.6.jar;C:\Users\Votas\.m2\repository\org\eclipse\aether\aether-api\1.0.0.v20140518\aether-api-1.0.0.v20140518.jar;C:\Users\Votas\.m2\repository\org\eclipse\aether\aether-impl\1.0.0.v20140518\aether-impl-1.0.0.v20140518.jar;C:\Users\Votas\.m2\repository\org\eclipse\aether\aether-spi\1.0.0.v20140518\aether-spi-1.0.0.v20140518.jar;C:\Users\Votas\.m2\repository\org\eclipse\aether\aether-util\1.0.0.v20140518\aether-util-1.0.0.v20140518.jar;C:\Users\Votas\.m2\repository\org\eclipse\aether\aether-connector-basic\1.0.0.v20140518\aether-connector-basic-1.0.0.v20140518.jar;C:\Users\Votas\.m2\repository\org\eclipse\aether\aether-transport-wagon\1.0.0.v20140518\aether-transport-wagon-1.0.0.v20140518.jar;C:\Users\Votas\.m2\repository\org\apache\maven\maven-aether-provider\3.2.5\maven-aether-provider-3.2.5.jar;C:\Users\Votas\.m2\repository\org\apache\maven\maven-model\3.2.5\maven-model-3.2.5.jar;C:\Users\Votas\.m2\repository\org\apache\maven\maven-model-builder\3.2.5\maven-model-builder-3.2.5.jar;C:\Users\Votas\.m2\repository\org\codehaus\plexus\plexus-component-annotations\1.5.5\plexus-component-annotations-1.5.5.jar;C:\Users\Votas\.m2\repository\org\apache\maven\maven-repository-metadata\3.2.5\maven-repository-metadata-3.2.5.jar;C:\Users\Votas\.m2\repository\org\apache\maven\maven-settings\3.2.5\maven-settings-3.2.5.jar;C:\Users\Votas\.m2\repository\org\apache\maven\maven-settings-builder\3.2.5\maven-settings-builder-3.2.5.jar;C:\Users\Votas\.m2\repository\com\google\guava\guava\18.0\guava-18.0.jar;C:\Users\Votas\.m2\repository\org\codehaus\plexus\plexus-interpolation\1.21\plexus-interpolation-1.21.jar;C:\Users\Votas\.m2\repository\org\codehaus\plexus\plexus-utils\3.0.20\plexus-utils-3.0.20.jar;C:\Users\Votas\.m2\repository\org\sonatype\plexus\plexus-sec-dispatcher\1.3\plexus-sec-dispatcher-1.3.jar;C:\Users\Votas\.m2\repository\org\sonatype\plexus\plexus-cipher\1.4\plexus-cipher-1.4.jar;C:\Users\Votas\.m2\repository\org\apache\maven\wagon\wagon-provider-api\2.6\wagon-provider-api-2.6.jar;C:\Users\Votas\.m2\repository\org\apache\maven\wagon\wagon-file\2.6\wagon-file-2.6.jar;C:\Users\Votas\.m2\repository\org\apache\maven\wagon\wagon-http-lightweight\2.6\wagon-http-lightweight-2.6.jar;C:\Users\Votas\.m2\repository\org\apache\maven\wagon\wagon-http-shared\2.6\wagon-http-shared-2.6.jar;C:\Users\Votas\.m2\repository\org\jsoup\jsoup\1.7.2\jsoup-1.7.2.jar;C:\Users\Votas\.m2\repository\com\h2database\h2\1.4.197\h2-1.4.197.jar;C:\Users\Votas\.m2\repository\org\camunda\bpm\extension\camunda-bpm-process-test-coverage\0.3.2\camunda-bpm-process-test-coverage-0.3.2.jar;C:\Users\Votas\.m2\repository\commons-io\commons-io\2.5\commons-io-2.5.jar;C:\Users\Votas\.m2\repository\org\apache\commons\commons-lang3\3.4\commons-lang3-3.4.jar;C:\Users\Votas\.m2\repository\org\hamcrest\hamcrest-library\1.3\hamcrest-library-1.3.jar;C:\Users\Votas\.m2\repository\ch\qos\logback\logback-classic\1.1.3\logback-classic-1.1.3.jar;C:\Users\Votas\.m2\repository\ch\qos\logback\logback-core\1.1.3\logback-core-1.1.3.jar;C:\Users\Votas\.m2\repository\org\slf4j\jcl-over-slf4j\1.7.25\jcl-over-slf4j-1.7.25.jar;C:\Users\Votas\.m2\repository\org\glassfish\jersey\core\jersey-client\2.29.1\jersey-client-2.29.1.jar;C:\Users\Votas\.m2\repository\jakarta\ws\rs\jakarta.ws.rs-api\2.1.6\jakarta.ws.rs-api-2.1.6.jar;C:\Users\Votas\.m2\repository\org\glassfish\jersey\core\jersey-common\2.29.1\jersey-common-2.29.1.jar;C:\Users\Votas\.m2\repository\jakarta\annotation\jakarta.annotation-api\1.3.5\jakarta.annotation-api-1.3.5.jar;C:\Users\Votas\.m2\repository\org\glassfish\hk2\osgi-resource-locator\1.0.3\osgi-resource-locator-1.0.3.jar;C:\Users\Votas\.m2\repository\com\sun\activation\jakarta.activation\1.2.1\jakarta.activation-1.2.1.jar;C:\Users\Votas\.m2\repository\org\glassfish\hk2\external\jakarta.inject\2.6.1\jakarta.inject-2.6.1.jar;C:\Users\Votas\.m2\repository\org\slf4j\jul-to-slf4j\1.7.25\jul-to-slf4j-1.7.25.jar;C:\Users\Votas\.m2\repository\org\wildfly\arquillian\wildfly-arquillian-container-remote\2.1.0.Final\wildfly-arquillian-container-remote-2.1.0.Final.jar;C:\Users\Votas\.m2\repository\org\wildfly\arquillian\wildfly-arquillian-common\2.1.0.Final\wildfly-arquillian-common-2.1.0.Final.jar;C:\Users\Votas\.m2\repository\org\jboss\arquillian\testenricher\arquillian-testenricher-cdi\1.4.0.Final\arquillian-testenricher-cdi-1.4.0.Final.jar;C:\Users\Votas\.m2\repository\org\jboss\arquillian\testenricher\arquillian-testenricher-ejb\1.4.0.Final\arquillian-testenricher-ejb-1.4.0.Final.jar;C:\Users\Votas\.m2\repository\org\jboss\arquillian\testenricher\arquillian-testenricher-initialcontext\1.4.0.Final\arquillian-testenricher-initialcontext-1.4.0.Final.jar;C:\Users\Votas\.m2\repository\org\jboss\arquillian\testenricher\arquillian-testenricher-resource\1.4.0.Final\arquillian-testenricher-resource-1.4.0.Final.jar;C:\Users\Votas\.m2\repository\org\wildfly\arquillian\wildfly-arquillian-testenricher-msc\2.1.0.Final\wildfly-arquillian-testenricher-msc-2.1.0.Final.jar;C:\Users\Votas\.m2\repository\org\wildfly\core\wildfly-server\3.0.0.Final\wildfly-server-3.0.0.Final.jar;C:\Users\Votas\.m2\repository\org\wildfly\core\wildfly-controller\3.0.0.Final\wildfly-controller-3.0.0.Final.jar;C:\Users\Votas\.m2\repository\org\jboss\staxmapper\1.3.0.Final\staxmapper-1.3.0.Final.jar;C:\Users\Votas\.m2\repository\org\projectodd\vdx\vdx-wildfly\1.1.6\vdx-wildfly-1.1.6.jar;C:\Users\Votas\.m2\repository\org\projectodd\vdx\vdx-core\1.1.6\vdx-core-1.1.6.jar;C:\Users\Votas\.m2\repository\org\wildfly\core\wildfly-core-management-client\3.0.0.Final\wildfly-core-management-client-3.0.0.Final.jar;C:\Users\Votas\.m2\repository\org\wildfly\core\wildfly-domain-http-interface\3.0.0.Final\wildfly-domain-http-interface-3.0.0.Final.jar;C:\Users\Votas\.m2\repository\org\wildfly\security\elytron-web\undertow-server\1.0.0.Final\undertow-server-1.0.0.Final.jar;C:\Users\Votas\.m2\repository\org\wildfly\core\wildfly-deployment-repository\3.0.0.Final\wildfly-deployment-repository-3.0.0.Final.jar;C:\Users\Votas\.m2\repository\org\wildfly\core\wildfly-platform-mbean\3.0.0.Final\wildfly-platform-mbean-3.0.0.Final.jar;C:\Users\Votas\.m2\repository\org\wildfly\core\wildfly-process-controller\3.0.0.Final\wildfly-process-controller-3.0.0.Final.jar;C:\Users\Votas\.m2\repository\org\wildfly\core\wildfly-network\3.0.0.Final\wildfly-network-3.0.0.Final.jar;C:\Users\Votas\.m2\repository\org\wildfly\core\wildfly-version\3.0.0.Final\wildfly-version-3.0.0.Final.jar;C:\Users\Votas\.m2\repository\org\jboss\jandex\2.0.3.Final\jandex-2.0.3.Final.jar;C:\Users\Votas\.m2\repository\org\jboss\invocation\jboss-invocation\1.5.0.Final\jboss-invocation-1.5.0.Final.jar;C:\Users\Votas\.m2\repository\org\jboss\logmanager\jboss-logmanager\2.0.7.Final\jboss-logmanager-2.0.7.Final.jar;C:\Users\Votas\.m2\repository\org\jboss\modules\jboss-modules\1.6.0.Final\jboss-modules-1.6.0.Final.jar;C:\Users\Votas\.m2\repository\org\jboss\remoting\jboss-remoting\5.0.0.Final\jboss-remoting-5.0.0.Final.jar;C:\Users\Votas\.m2\repository\org\jboss\stdio\jboss-stdio\1.0.2.GA\jboss-stdio-1.0.2.GA.jar;C:\Users\Votas\.m2\repository\org\jboss\jboss-vfs\3.2.12.Final\jboss-vfs-3.2.12.Final.jar;C:\Users\Votas\.m2\repository\io\undertow\undertow-core\1.4.18.Final\undertow-core-1.4.18.Final.jar;C:\Users\Votas\.m2\repository\org\wildfly\core\wildfly-controller-client\3.0.0.Final\wildfly-controller-client-3.0.0.Final.jar;C:\Users\Votas\.m2\repository\org\wildfly\core\wildfly-protocol\3.0.0.Final\wildfly-protocol-3.0.0.Final.jar;C:\Users\Votas\.m2\repository\org\jboss\xnio\xnio-api\3.5.1.Final\xnio-api-3.5.1.Final.jar;C:\Users\Votas\.m2\repository\org\jboss\xnio\xnio-nio\3.5.1.Final\xnio-nio-3.5.1.Final.jar;C:\Users\Votas\.m2\repository\org\jboss\jboss-dmr\1.4.1.Final\jboss-dmr-1.4.1.Final.jar;C:\Users\Votas\.m2\repository\org\jboss\logging\jboss-logging\3.3.1.Final\jboss-logging-3.3.1.Final.jar;C:\Users\Votas\.m2\repository\org\jboss\threads\jboss-threads\2.2.1.Final\jboss-threads-2.2.1.Final.jar;C:\Users\Votas\.m2\repository\org\wildfly\plugins\wildfly-plugin-core\1.2.0.Final\wildfly-plugin-core-1.2.0.Final.jar;C:\Users\Votas\.m2\repository\org\jboss\shrinkwrap\descriptors\shrinkwrap-descriptors-impl-base\2.0.0\shrinkwrap-descriptors-impl-base-2.0.0.jar;C:\Users\Votas\.m2\repository\org\wildfly\common\wildfly-common\1.2.0.Final\wildfly-common-1.2.0.Final.jar;C:\Users\Votas\.m2\repository\org\wildfly\arquillian\wildfly-arquillian-protocol-jmx\2.1.0.Final\wildfly-arquillian-protocol-jmx-2.1.0.Final.jar;C:\Users\Votas\.m2\repository\org\wildfly\security\wildfly-elytron\1.1.0.Final\wildfly-elytron-1.1.0.Final.jar;C:\Users\Votas\.m2\repository\org\jboss\arquillian\protocol\arquillian-protocol-jmx\1.4.0.Final\arquillian-protocol-jmx-1.4.0.Final.jar;C:\Users\Votas\.m2\repository\org\wildfly\core\wildfly-jmx\3.0.0.Final\wildfly-jmx-3.0.0.Final.jar;C:\Users\Votas\.m2\repository\org\jboss\msc\jboss-msc\1.2.7.SP1\jboss-msc-1.2.7.SP1.jar;C:\Users\Votas\.m2\repository\org\jboss\remotingjmx\remoting-jmx\3.0.0.Final\remoting-jmx-3.0.0.Final.jar;C:\Users\Votas\.m2\repository\org\wildfly\client\wildfly-client-config\1.0.0.Final\wildfly-client-config-1.0.0.Final.jar;C:\Users\Votas\.m2\repository\org\wildfly\core\wildfly-remoting\3.0.0.Final\wildfly-remoting-3.0.0.Final.jar;C:\Users\Votas\.m2\repository\org\wildfly\core\wildfly-domain-management\3.0.0.Final\wildfly-domain-management-3.0.0.Final.jar;C:\Users\Votas\.m2\repository\org\picketbox\picketbox\5.0.2.Final\picketbox-5.0.2.Final.jar;C:\Users\Votas\.m2\repository\org\wildfly\openssl\wildfly-openssl-java\1.0.2.Final\wildfly-openssl-java-1.0.2.Final.jar;C:\Users\Votas\.m2\repository\org\wildfly\core\wildfly-core-security\3.0.0.Final\wildfly-core-security-3.0.0.Final.jar;C:\Users\Votas\.m2\repository\org\wildfly\core\wildfly-core-security-api\3.0.0.Final\wildfly-core-security-api-3.0.0.Final.jar;C:\Users\Votas\.m2\repository\org\wildfly\core\wildfly-io\3.0.0.Final\wildfly-io-3.0.0.Final.jar;C:\Users\Votas\.m2\repository\org\jboss\marshalling\jboss-marshalling-river\2.0.0.Final\jboss-marshalling-river-2.0.0.Final.jar;C:\Users\Votas\.m2\repository\org\jboss\marshalling\jboss-marshalling\2.0.0.Final\jboss-marshalling-2.0.0.Final.jar;C:\Users\Votas\.m2\repository\org\jboss\arquillian\core\arquillian-core-api\1.4.0.Final\arquillian-core-api-1.4.0.Final.jar;"/>
    <property name="sun.cpu.endian" value="little"/>
    <property name="user.home" value="C:\Users\Votas"/>
    <property name="user.language" value="ru"/>
    <property name="java.specification.vendor" value="Oracle Corporation"/>
    <property name="java.version.date" value="2019-01-15"/>
    <property name="java.home" value="C:\Program Files\Java\jdk-11.0.2"/>
    <property name="file.separator" value="\"/>
    <property name="basedir" value="C:\Users\Votas\IdeaProjects\BonusProject"/>
    <property name="java.vm.compressedOopsMode" value="Zero based"/>
    <property name="line.separator" value="&#10;"/>
    <property name="java.specification.name" value="Java Platform API Specification"/>
    <property name="java.vm.specification.vendor" value="Oracle Corporation"/>
    <property name="java.awt.graphicsenv" value="sun.awt.Win32GraphicsEnvironment"/>
    <property name="surefire.real.class.path" value="C:\Users\Votas\AppData\Local\Temp\surefire11185639025201726409\surefirebooter10455044202644563882.jar"/>
    <property name="user.script" value=""/>
    <property name="sun.management.compiler" value="HotSpot 64-Bit Tiered Compilers"/>
    <property name="java.runtime.version" value="11.0.2+9"/>
    <property name="user.name" value="Votas"/>
    <property name="path.separator" value=";"/>
    <property name="os.version" value="10.0"/>
    <property name="java.runtime.name" value="OpenJDK Runtime Environment"/>
    <property name="file.encoding" value="Cp1251"/>
    <property name="java.vm.name" value="OpenJDK 64-Bit Server VM"/>
    <property name="java.vendor.version" value="18.9"/>
    <property name="localRepository" value="C:\Users\Votas\.m2\repository"/>
    <property name="java.vendor.url.bug" value="http://bugreport.java.com/bugreport/"/>
    <property name="java.io.tmpdir" value="C:\Users\Votas\AppData\Local\Temp\"/>
    <property name="idea.version" value="2020.2.4"/>
    <property name="java.version" value="11.0.2"/>
    <property name="user.dir" value="C:\Users\Votas\IdeaProjects\BonusProject"/>
    <property name="os.arch" value="amd64"/>
    <property name="java.vm.specification.name" value="Java Virtual Machine Specification"/>
    <property name="java.awt.printerjob" value="sun.awt.windows.WPrinterJob"/>
    <property name="sun.os.patch.level" value=""/>
    <property name="java.library.path" value="C:\Program Files\Java\jdk-11.0.2\bin;C:\WINDOWS\Sun\Java\bin;C:\WINDOWS\system32;C:\WINDOWS;C:\Windows\system32;C:\Windows;C:\Windows\System32\Wbem;C:\Windows\System32\WindowsPowerShell\v1.0\;C:\Windows\System32\OpenSSH\;C:\Program Files (x86)\NVIDIA Corporation\PhysX\Common;C:\Program Files (x86)\Wolfram Research\WolframScript\;C:\Program Files\nodejs\;C:\WINDOWS\system32;C:\WINDOWS;C:\WINDOWS\System32\Wbem;C:\WINDOWS\System32\WindowsPowerShell\v1.0\;C:\WINDOWS\System32\OpenSSH\;C:\Program Files\PuTTY\;C:\Program Files\Git\cmd;C:\Program Files\Java\jdk-11.0.2\bin;C:\Program Files\apache-maven-3.6.3\bin;C:\Users\Votas\AppData\Local\Microsoft\WindowsApps;C:\Users\Votas\AppData\Local\Programs\Microsoft VS Code\bin;C:\Users\Votas\AppData\Roaming\npm;C:\Users\Votas\AppData\Local\GitHubDesktop\bin;."/>
    <property name="java.vendor" value="Oracle Corporation"/>
    <property name="java.vm.info" value="mixed mode"/>
    <property name="java.vm.version" value="11.0.2+9"/>
    <property name="sun.io.unicode.encoding" value="UnicodeLittle"/>
    <property name="java.class.version" value="55.0"/>
  </properties>
  <testcase name="testParsingAndDeployment" classname="com.ua.integrity.nonarquillian.InMemoryH2Test" time="1.138"/>
  <testcase name="testHappyPath" classname="com.ua.integrity.nonarquillian.InMemoryH2Test" time="0.189"/>
</testsuite>